[debug] [2025-10-14T04:30:36.185Z] ----------------------------------------------------------------------
[debug] [2025-10-14T04:30:36.188Z] Command:       C:\Program Files\nodejs\node.exe C:\Users\msyam\AppData\Roaming\npm\node_modules\firebase-tools\lib\bin\firebase.js deploy --only functions
[debug] [2025-10-14T04:30:36.189Z] CLI Version:   14.19.1
[debug] [2025-10-14T04:30:36.189Z] Platform:      win32
[debug] [2025-10-14T04:30:36.189Z] Node Version:  v22.19.0
[debug] [2025-10-14T04:30:36.189Z] Time:          Tue Oct 14 2025 11:30:36 GMT+0700 (Western Indonesia Time)
[debug] [2025-10-14T04:30:36.189Z] ----------------------------------------------------------------------
[debug] 
[debug] [2025-10-14T04:30:36.464Z] > command requires scopes: ["email","openid","https://www.googleapis.com/auth/cloudplatformprojects.readonly","https://www.googleapis.com/auth/firebase","https://www.googleapis.com/auth/cloud-platform"]
[debug] [2025-10-14T04:30:36.465Z] > authorizing via signed-in user (msyamrijal@gmail.com)
[debug] [2025-10-14T04:30:36.465Z] [iam] checking project jadwal-peserta-app for permissions ["cloudfunctions.functions.create","cloudfunctions.functions.delete","cloudfunctions.functions.get","cloudfunctions.functions.list","cloudfunctions.functions.update","cloudfunctions.operations.get","firebase.projects.get"]
[debug] [2025-10-14T04:30:36.466Z] Checked if tokens are valid: true, expires at: 1760418186149
[debug] [2025-10-14T04:30:36.467Z] Checked if tokens are valid: true, expires at: 1760418186149
[debug] [2025-10-14T04:30:36.468Z] >>> [apiv2][query] POST https://cloudresourcemanager.googleapis.com/v1/projects/jadwal-peserta-app:testIamPermissions [none]
[debug] [2025-10-14T04:30:36.468Z] >>> [apiv2][(partial)header] POST https://cloudresourcemanager.googleapis.com/v1/projects/jadwal-peserta-app:testIamPermissions x-goog-quota-user=projects/jadwal-peserta-app
[debug] [2025-10-14T04:30:36.468Z] >>> [apiv2][body] POST https://cloudresourcemanager.googleapis.com/v1/projects/jadwal-peserta-app:testIamPermissions {"permissions":["cloudfunctions.functions.create","cloudfunctions.functions.delete","cloudfunctions.functions.get","cloudfunctions.functions.list","cloudfunctions.functions.update","cloudfunctions.operations.get","firebase.projects.get"]}
[debug] [2025-10-14T04:30:36.919Z] <<< [apiv2][status] POST https://cloudresourcemanager.googleapis.com/v1/projects/jadwal-peserta-app:testIamPermissions 200
[debug] [2025-10-14T04:30:36.919Z] <<< [apiv2][body] POST https://cloudresourcemanager.googleapis.com/v1/projects/jadwal-peserta-app:testIamPermissions {"permissions":["cloudfunctions.functions.create","cloudfunctions.functions.delete","cloudfunctions.functions.get","cloudfunctions.functions.list","cloudfunctions.functions.update","cloudfunctions.operations.get","firebase.projects.get"]}
[debug] [2025-10-14T04:30:36.919Z] Checked if tokens are valid: true, expires at: 1760418186149
[debug] [2025-10-14T04:30:36.919Z] Checked if tokens are valid: true, expires at: 1760418186149
[debug] [2025-10-14T04:30:36.919Z] >>> [apiv2][query] POST https://iam.googleapis.com/v1/projects/jadwal-peserta-app/serviceAccounts/jadwal-peserta-app@appspot.gserviceaccount.com:testIamPermissions [none]
[debug] [2025-10-14T04:30:36.919Z] >>> [apiv2][body] POST https://iam.googleapis.com/v1/projects/jadwal-peserta-app/serviceAccounts/jadwal-peserta-app@appspot.gserviceaccount.com:testIamPermissions {"permissions":["iam.serviceAccounts.actAs"]}
[debug] [2025-10-14T04:30:38.260Z] <<< [apiv2][status] POST https://iam.googleapis.com/v1/projects/jadwal-peserta-app/serviceAccounts/jadwal-peserta-app@appspot.gserviceaccount.com:testIamPermissions 200
[debug] [2025-10-14T04:30:38.260Z] <<< [apiv2][body] POST https://iam.googleapis.com/v1/projects/jadwal-peserta-app/serviceAccounts/jadwal-peserta-app@appspot.gserviceaccount.com:testIamPermissions {"permissions":["iam.serviceAccounts.actAs"]}
[info] 
[info] === Deploying to 'jadwal-peserta-app'...
[info] 
[info] i  deploying functions 
[debug] [2025-10-14T04:30:38.270Z] Checked if tokens are valid: true, expires at: 1760418186149
[debug] [2025-10-14T04:30:38.270Z] Checked if tokens are valid: true, expires at: 1760418186149
[debug] [2025-10-14T04:30:38.270Z] >>> [apiv2][query] GET https://cloudresourcemanager.googleapis.com/v1/projects/jadwal-peserta-app [none]
[debug] [2025-10-14T04:30:38.649Z] <<< [apiv2][status] GET https://cloudresourcemanager.googleapis.com/v1/projects/jadwal-peserta-app 200
[debug] [2025-10-14T04:30:38.649Z] <<< [apiv2][body] GET https://cloudresourcemanager.googleapis.com/v1/projects/jadwal-peserta-app {"projectNumber":"319991114245","projectId":"jadwal-peserta-app","lifecycleState":"ACTIVE","name":"jadwal-peserta-app","labels":{"firebase":"enabled","firebase-core":"disabled"},"createTime":"2025-09-21T07:56:50.830263Z"}
[info] i  functions: preparing codebase default for deployment 
[info] i  functions: ensuring required API cloudfunctions.googleapis.com is enabled... 
[info] i  functions: ensuring required API cloudbuild.googleapis.com is enabled... 
[info] i  artifactregistry: ensuring required API artifactregistry.googleapis.com is enabled... 
[debug] [2025-10-14T04:30:38.658Z] Checked if tokens are valid: true, expires at: 1760418186149
[debug] [2025-10-14T04:30:38.659Z] Checked if tokens are valid: true, expires at: 1760418186149
[debug] [2025-10-14T04:30:38.659Z] >>> [apiv2][query] GET https://firebase.googleapis.com/v1beta1/projects/jadwal-peserta-app/adminSdkConfig [none]
[debug] [2025-10-14T04:30:39.999Z] <<< [apiv2][status] GET https://firebase.googleapis.com/v1beta1/projects/jadwal-peserta-app/adminSdkConfig 200
[debug] [2025-10-14T04:30:39.999Z] <<< [apiv2][body] GET https://firebase.googleapis.com/v1beta1/projects/jadwal-peserta-app/adminSdkConfig {"projectId":"jadwal-peserta-app","storageBucket":"jadwal-peserta-app.firebasestorage.app"}
[debug] [2025-10-14T04:30:40.000Z] Checked if tokens are valid: true, expires at: 1760418186149
[debug] [2025-10-14T04:30:40.000Z] Checked if tokens are valid: true, expires at: 1760418186149
[debug] [2025-10-14T04:30:40.000Z] >>> [apiv2][query] GET https://runtimeconfig.googleapis.com/v1beta1/projects/jadwal-peserta-app/configs [none]
[debug] [2025-10-14T04:30:40.402Z] <<< [apiv2][status] GET https://runtimeconfig.googleapis.com/v1beta1/projects/jadwal-peserta-app/configs 200
[debug] [2025-10-14T04:30:40.402Z] <<< [apiv2][body] GET https://runtimeconfig.googleapis.com/v1beta1/projects/jadwal-peserta-app/configs {"configs":[{"name":"projects/jadwal-peserta-app/configs/vapid"}]}
[debug] [2025-10-14T04:30:40.402Z] Checked if tokens are valid: true, expires at: 1760418186149
[debug] [2025-10-14T04:30:40.403Z] Checked if tokens are valid: true, expires at: 1760418186149
[debug] [2025-10-14T04:30:40.403Z] >>> [apiv2][query] GET https://runtimeconfig.googleapis.com/v1beta1/projects/jadwal-peserta-app/configs/vapid/variables [none]
[debug] [2025-10-14T04:30:40.743Z] <<< [apiv2][status] GET https://runtimeconfig.googleapis.com/v1beta1/projects/jadwal-peserta-app/configs/vapid/variables 200
[debug] [2025-10-14T04:30:40.743Z] <<< [apiv2][body] GET https://runtimeconfig.googleapis.com/v1beta1/projects/jadwal-peserta-app/configs/vapid/variables {"variables":[{"name":"projects/jadwal-peserta-app/configs/vapid/variables/private_key","updateTime":"2025-10-14T04:30:28.575441849Z"},{"name":"projects/jadwal-peserta-app/configs/vapid/variables/public_key","updateTime":"2025-10-14T04:11:32.320373080Z"}]}
[debug] [2025-10-14T04:30:40.744Z] Checked if tokens are valid: true, expires at: 1760418186149
[debug] [2025-10-14T04:30:40.744Z] Checked if tokens are valid: true, expires at: 1760418186149
[debug] [2025-10-14T04:30:40.744Z] Checked if tokens are valid: true, expires at: 1760418186149
[debug] [2025-10-14T04:30:40.744Z] Checked if tokens are valid: true, expires at: 1760418186149
[debug] [2025-10-14T04:30:40.744Z] >>> [apiv2][query] GET https://runtimeconfig.googleapis.com/v1beta1/projects/jadwal-peserta-app/configs/vapid/variables/private_key [none]
[debug] [2025-10-14T04:30:40.746Z] >>> [apiv2][query] GET https://runtimeconfig.googleapis.com/v1beta1/projects/jadwal-peserta-app/configs/vapid/variables/public_key [none]
[debug] [2025-10-14T04:30:41.055Z] <<< [apiv2][status] GET https://runtimeconfig.googleapis.com/v1beta1/projects/jadwal-peserta-app/configs/vapid/variables/private_key 200
[debug] [2025-10-14T04:30:41.056Z] <<< [apiv2][body] GET https://runtimeconfig.googleapis.com/v1beta1/projects/jadwal-peserta-app/configs/vapid/variables/private_key {"name":"projects/jadwal-peserta-app/configs/vapid/variables/private_key","updateTime":"2025-10-14T04:30:28.575441849Z","text":"1ePLaeYlcvjmPgYtjABXx3YbStiz-GipNZRHGRELjEE"}
[debug] [2025-10-14T04:30:41.153Z] <<< [apiv2][status] GET https://runtimeconfig.googleapis.com/v1beta1/projects/jadwal-peserta-app/configs/vapid/variables/public_key 200
[debug] [2025-10-14T04:30:41.153Z] <<< [apiv2][body] GET https://runtimeconfig.googleapis.com/v1beta1/projects/jadwal-peserta-app/configs/vapid/variables/public_key {"name":"projects/jadwal-peserta-app/configs/vapid/variables/public_key","updateTime":"2025-10-14T04:11:32.320373080Z","text":"BKKvmTWHsEOCJlR0GwsVOU8EGLAZ73zf3YZKm846emf36nWQD6kZ-RD5jexJXTKBJPcaRnr39JQbcI1kkBVf3E8"}
[debug] [2025-10-14T04:30:41.157Z] Validating nodejs source
[debug] [2025-10-14T04:30:42.865Z] > [functions] package.json contents: {
  "name": "functions",
  "description": "Cloud Functions for Firebase",
  "scripts": {
    "serve": "firebase emulators:start --only functions",
    "shell": "firebase functions:shell",
    "start": "npm run shell",
    "deploy": "firebase deploy --only functions",
    "logs": "firebase functions:log"
  },
  "engines": {
    "node": "20"
  },
  "main": "index.js",
  "dependencies": {
    "firebase-admin": "^12.6.0",
    "firebase-functions": "^6.0.1",
    "web-push": "^3.6.7"
  },
  "devDependencies": {
    "firebase-functions-test": "^3.1.0"
  },
  "private": true
}
[debug] [2025-10-14T04:30:42.865Z] Building nodejs source
[info] i  functions: Loading and analyzing source code for codebase default to determine what to deploy 
[debug] [2025-10-14T04:30:42.867Z] Could not find functions.yaml. Must use http discovery
[debug] [2025-10-14T04:30:42.878Z] Found firebase-functions binary at 'C:\Users\msyam\OneDrive\Alhamdulillah\Kiriman\Pictures\jadwal-website\functions\node_modules\.bin\firebase-functions'
[info] Serving at port 8908

[debug] [2025-10-14T04:30:43.993Z] Got response from /__/functions.yaml {"endpoints":{"sendDailyScheduleNotifications":{"availableMemoryMb":null,"timeoutSeconds":null,"minInstances":null,"maxInstances":null,"ingressSettings":null,"concurrency":null,"serviceAccountEmail":null,"vpc":null,"platform":"gcfv2","labels":{},"scheduleTrigger":{"schedule":"0 10 * * *","retryConfig":{},"timeZone":"Asia/Jakarta"},"entryPoint":"sendDailyScheduleNotifications"}},"specVersion":"v1alpha1","requiredAPIs":[{"api":"cloudscheduler.googleapis.com","reason":"Needed for scheduled functions."}],"extensions":{}}
[info] i  extensions: ensuring required API firebaseextensions.googleapis.com is enabled... 
[debug] [2025-10-14T04:30:48.040Z] > command requires scopes: ["email","openid","https://www.googleapis.com/auth/cloudplatformprojects.readonly","https://www.googleapis.com/auth/firebase","https://www.googleapis.com/auth/cloud-platform"]
[debug] [2025-10-14T04:30:48.040Z] > authorizing via signed-in user (msyamrijal@gmail.com)
[debug] [2025-10-14T04:30:48.041Z] [iam] checking project jadwal-peserta-app for permissions ["firebase.projects.get","firebaseextensions.instances.list"]
[debug] [2025-10-14T04:30:48.041Z] Checked if tokens are valid: true, expires at: 1760418186149
[debug] [2025-10-14T04:30:48.041Z] Checked if tokens are valid: true, expires at: 1760418186149
[debug] [2025-10-14T04:30:48.041Z] >>> [apiv2][query] POST https://cloudresourcemanager.googleapis.com/v1/projects/jadwal-peserta-app:testIamPermissions [none]
[debug] [2025-10-14T04:30:48.041Z] >>> [apiv2][(partial)header] POST https://cloudresourcemanager.googleapis.com/v1/projects/jadwal-peserta-app:testIamPermissions x-goog-quota-user=projects/jadwal-peserta-app
[debug] [2025-10-14T04:30:48.041Z] >>> [apiv2][body] POST https://cloudresourcemanager.googleapis.com/v1/projects/jadwal-peserta-app:testIamPermissions {"permissions":["firebase.projects.get","firebaseextensions.instances.list"]}
[debug] [2025-10-14T04:30:49.401Z] <<< [apiv2][status] POST https://cloudresourcemanager.googleapis.com/v1/projects/jadwal-peserta-app:testIamPermissions 200
[debug] [2025-10-14T04:30:49.401Z] <<< [apiv2][body] POST https://cloudresourcemanager.googleapis.com/v1/projects/jadwal-peserta-app:testIamPermissions {"permissions":["firebase.projects.get","firebaseextensions.instances.list"]}
[debug] [2025-10-14T04:30:49.402Z] Checked if tokens are valid: true, expires at: 1760418186149
[debug] [2025-10-14T04:30:49.402Z] Checked if tokens are valid: true, expires at: 1760418186149
[debug] [2025-10-14T04:30:49.403Z] >>> [apiv2][query] GET https://firebaseextensions.googleapis.com/v1beta/projects/jadwal-peserta-app/instances pageSize=100&pageToken=
[debug] [2025-10-14T04:30:50.831Z] <<< [apiv2][status] GET https://firebaseextensions.googleapis.com/v1beta/projects/jadwal-peserta-app/instances 200
[debug] [2025-10-14T04:30:50.831Z] <<< [apiv2][body] GET https://firebaseextensions.googleapis.com/v1beta/projects/jadwal-peserta-app/instances {}
[info] i  functions: preparing functions directory for uploading... 
[info] i  functions: packaged C:\Users\msyam\OneDrive\Alhamdulillah\Kiriman\Pictures\jadwal-website\functions (70.33 KB) for uploading 
[debug] [2025-10-14T04:30:50.916Z] Checked if tokens are valid: true, expires at: 1760418186149
[debug] [2025-10-14T04:30:50.917Z] Checked if tokens are valid: true, expires at: 1760418186149
[debug] [2025-10-14T04:30:50.917Z] >>> [apiv2][query] GET https://cloudfunctions.googleapis.com/v1/projects/jadwal-peserta-app/locations/-/functions [none]
[debug] [2025-10-14T04:30:51.857Z] <<< [apiv2][status] GET https://cloudfunctions.googleapis.com/v1/projects/jadwal-peserta-app/locations/-/functions 200
[debug] [2025-10-14T04:30:51.858Z] <<< [apiv2][body] GET https://cloudfunctions.googleapis.com/v1/projects/jadwal-peserta-app/locations/-/functions {}
[debug] [2025-10-14T04:30:51.858Z] Checked if tokens are valid: true, expires at: 1760418186149
[debug] [2025-10-14T04:30:51.859Z] Checked if tokens are valid: true, expires at: 1760418186149
[debug] [2025-10-14T04:30:51.859Z] >>> [apiv2][query] GET https://cloudfunctions.googleapis.com/v2/projects/jadwal-peserta-app/locations/-/functions filter=environment%3D%22GEN_2%22
[debug] [2025-10-14T04:30:53.500Z] <<< [apiv2][status] GET https://cloudfunctions.googleapis.com/v2/projects/jadwal-peserta-app/locations/-/functions 200
[debug] [2025-10-14T04:30:53.500Z] <<< [apiv2][body] GET https://cloudfunctions.googleapis.com/v2/projects/jadwal-peserta-app/locations/-/functions {"functions":[{"name":"projects/jadwal-peserta-app/locations/us-central1/functions/sendDailyScheduleNotifications","buildConfig":{"build":"projects/319991114245/locations/us-central1/builds/9b94a042-7c07-4018-83a7-269bffb4b4a5","runtime":"nodejs20","entryPoint":"sendDailyScheduleNotifications","source":{"storageSource":{"bucket":"gcf-v2-sources-319991114245-us-central1","object":"sendDailyScheduleNotifications/function-source.zip","generation":"1760415740416526"}},"environmentVariables":{"GOOGLE_NODE_RUN_SCRIPTS":""},"dockerRepository":"projects/jadwal-peserta-app/locations/us-central1/repositories/gcf-artifacts","serviceAccount":"projects/jadwal-peserta-app/serviceAccounts/319991114245-compute@developer.gserviceaccount.com","automaticUpdatePolicy":{}},"serviceConfig":{"service":"projects/jadwal-peserta-app/locations/us-central1/services/senddailyschedulenotifications","timeoutSeconds":60,"environmentVariables":{"FIREBASE_CONFIG":"{\"projectId\":\"jadwal-peserta-app\",\"storageBucket\":\"jadwal-peserta-app.firebasestorage.app\"}","GCLOUD_PROJECT":"jadwal-peserta-app","EVENTARC_CLOUD_EVENT_SOURCE":"projects/jadwal-peserta-app/locations/us-central1/services/sendDailyScheduleNotifications","FUNCTION_TARGET":"sendDailyScheduleNotifications","LOG_EXECUTION_ID":"true"},"maxInstanceCount":20,"ingressSettings":"ALLOW_ALL","serviceAccountEmail":"319991114245-compute@developer.gserviceaccount.com","availableMemory":"256Mi","allTrafficOnLatestRevision":true,"revision":"senddailyschedulenotifications-00001-hux","maxInstanceRequestConcurrency":80,"availableCpu":"1"},"state":"ACTIVE","updateTime":"2025-10-14T04:24:17.582018086Z","labels":{"firebase-functions-hash":"1dff2a1970b9afb64544cca03b45003ac8243abe","deployment-tool":"cli-firebase","deployment-scheduled":"true"},"environment":"GEN_2","url":"https://us-central1-jadwal-peserta-app.cloudfunctions.net/sendDailyScheduleNotifications","createTime":"2025-10-14T04:18:59.595009634Z","satisfiesPzi":true}]}
[info] i  functions: ensuring required API cloudscheduler.googleapis.com is enabled... 
[info] i  functions: ensuring required API run.googleapis.com is enabled... 
[info] i  functions: ensuring required API eventarc.googleapis.com is enabled... 
[info] i  functions: ensuring required API pubsub.googleapis.com is enabled... 
[info] i  functions: ensuring required API storage.googleapis.com is enabled... 
[info] i  functions: generating the service identity for pubsub.googleapis.com... 
[debug] [2025-10-14T04:30:53.508Z] Checked if tokens are valid: true, expires at: 1760418186149
[debug] [2025-10-14T04:30:53.508Z] Checked if tokens are valid: true, expires at: 1760418186149
[info] i  functions: generating the service identity for eventarc.googleapis.com... 
[debug] [2025-10-14T04:30:53.508Z] Checked if tokens are valid: true, expires at: 1760418186149
[debug] [2025-10-14T04:30:53.508Z] Checked if tokens are valid: true, expires at: 1760418186149
[debug] [2025-10-14T04:30:53.508Z] >>> [apiv2][query] POST https://serviceusage.googleapis.com/v1beta1/projects/319991114245/services/pubsub.googleapis.com:generateServiceIdentity [none]
[debug] [2025-10-14T04:30:53.509Z] >>> [apiv2][(partial)header] POST https://serviceusage.googleapis.com/v1beta1/projects/319991114245/services/pubsub.googleapis.com:generateServiceIdentity x-goog-quota-user=projects/319991114245
[debug] [2025-10-14T04:30:53.509Z] >>> [apiv2][body] POST https://serviceusage.googleapis.com/v1beta1/projects/319991114245/services/pubsub.googleapis.com:generateServiceIdentity {}
[debug] [2025-10-14T04:30:53.512Z] >>> [apiv2][query] POST https://serviceusage.googleapis.com/v1beta1/projects/319991114245/services/eventarc.googleapis.com:generateServiceIdentity [none]
[debug] [2025-10-14T04:30:53.512Z] >>> [apiv2][(partial)header] POST https://serviceusage.googleapis.com/v1beta1/projects/319991114245/services/eventarc.googleapis.com:generateServiceIdentity x-goog-quota-user=projects/319991114245
[debug] [2025-10-14T04:30:53.512Z] >>> [apiv2][body] POST https://serviceusage.googleapis.com/v1beta1/projects/319991114245/services/eventarc.googleapis.com:generateServiceIdentity {}
[debug] [2025-10-14T04:30:55.078Z] <<< [apiv2][status] POST https://serviceusage.googleapis.com/v1beta1/projects/319991114245/services/eventarc.googleapis.com:generateServiceIdentity 200
[debug] [2025-10-14T04:30:55.078Z] <<< [apiv2][body] POST https://serviceusage.googleapis.com/v1beta1/projects/319991114245/services/eventarc.googleapis.com:generateServiceIdentity {"name":"operations/finished.DONE_OPERATION","done":true,"response":{"@type":"type.googleapis.com/google.api.serviceusage.v1beta1.ServiceIdentity","email":"service-319991114245@gcp-sa-eventarc.iam.gserviceaccount.com","uniqueId":"100967145353611271252"}}
[debug] [2025-10-14T04:30:55.097Z] <<< [apiv2][status] POST https://serviceusage.googleapis.com/v1beta1/projects/319991114245/services/pubsub.googleapis.com:generateServiceIdentity 200
[debug] [2025-10-14T04:30:55.098Z] <<< [apiv2][body] POST https://serviceusage.googleapis.com/v1beta1/projects/319991114245/services/pubsub.googleapis.com:generateServiceIdentity {"name":"operations/finished.DONE_OPERATION","done":true,"response":{"@type":"type.googleapis.com/google.api.serviceusage.v1beta1.ServiceIdentity","email":"service-319991114245@gcp-sa-pubsub.iam.gserviceaccount.com","uniqueId":"118391163647749530076"}}
[debug] [2025-10-14T04:30:55.103Z] Checked if tokens are valid: true, expires at: 1760418186149
[debug] [2025-10-14T04:30:55.103Z] Checked if tokens are valid: true, expires at: 1760418186149
[debug] [2025-10-14T04:30:55.103Z] >>> [apiv2][query] GET https://cloudresourcemanager.googleapis.com/v1/projects/jadwal-peserta-app [none]
[debug] [2025-10-14T04:30:55.492Z] <<< [apiv2][status] GET https://cloudresourcemanager.googleapis.com/v1/projects/jadwal-peserta-app 200
[debug] [2025-10-14T04:30:55.493Z] <<< [apiv2][body] GET https://cloudresourcemanager.googleapis.com/v1/projects/jadwal-peserta-app {"projectNumber":"319991114245","projectId":"jadwal-peserta-app","lifecycleState":"ACTIVE","name":"jadwal-peserta-app","labels":{"firebase":"enabled","firebase-core":"disabled"},"createTime":"2025-09-21T07:56:50.830263Z"}
[debug] [2025-10-14T04:30:55.493Z] Checked if tokens are valid: true, expires at: 1760418186149
[debug] [2025-10-14T04:30:55.494Z] Checked if tokens are valid: true, expires at: 1760418186149
[debug] [2025-10-14T04:30:55.494Z] >>> [apiv2][query] GET https://compute.googleapis.com/compute/v1/projects/319991114245 [none]
[debug] [2025-10-14T04:30:55.955Z] <<< [apiv2][status] GET https://compute.googleapis.com/compute/v1/projects/319991114245 403
[debug] [2025-10-14T04:30:55.956Z] <<< [apiv2][body] GET https://compute.googleapis.com/compute/v1/projects/319991114245 {"error":{"code":403,"message":"Compute Engine API has not been used in project 319991114245 before or it is disabled. Enable it by visiting https://console.developers.google.com/apis/api/compute.googleapis.com/overview?project=319991114245 then retry. If you enabled this API recently, wait a few minutes for the action to propagate to our systems and retry.","errors":[{"message":"Compute Engine API has not been used in project 319991114245 before or it is disabled. Enable it by visiting https://console.developers.google.com/apis/api/compute.googleapis.com/overview?project=319991114245 then retry. If you enabled this API recently, wait a few minutes for the action to propagate to our systems and retry.","domain":"usageLimits","reason":"accessNotConfigured","extendedHelp":"https://console.developers.google.com"}],"status":"PERMISSION_DENIED","details":[{"@type":"type.googleapis.com/google.rpc.ErrorInfo","reason":"SERVICE_DISABLED","domain":"googleapis.com","metadata":{"service":"compute.googleapis.com","consumer":"projects/319991114245","serviceTitle":"Compute Engine API","containerInfo":"319991114245","activationUrl":"https://console.developers.google.com/apis/api/compute.googleapis.com/overview?project=319991114245"}},{"@type":"type.googleapis.com/google.rpc.LocalizedMessage","locale":"en-US","message":"Compute Engine API has not been used in project 319991114245 before or it is disabled. Enable it by visiting https://console.developers.google.com/apis/api/compute.googleapis.com/overview?project=319991114245 then retry. If you enabled this API recently, wait a few minutes for the action to propagate to our systems and retry."},{"@type":"type.googleapis.com/google.rpc.Help","links":[{"description":"Google developers console API activation","url":"https://console.developers.google.com/apis/api/compute.googleapis.com/overview?project=319991114245"}]}]}}
[debug] [2025-10-14T04:30:55.957Z] unable to look up default compute service account. Falling back to 319991114245-compute@developer.gserviceaccount.com. Error: {"name":"FirebaseError","children":[],"context":{"body":{"error":{"code":403,"message":"Compute Engine API has not been used in project 319991114245 before or it is disabled. Enable it by visiting https://console.developers.google.com/apis/api/compute.googleapis.com/overview?project=319991114245 then retry. If you enabled this API recently, wait a few minutes for the action to propagate to our systems and retry.","errors":[{"message":"Compute Engine API has not been used in project 319991114245 before or it is disabled. Enable it by visiting https://console.developers.google.com/apis/api/compute.googleapis.com/overview?project=319991114245 then retry. If you enabled this API recently, wait a few minutes for the action to propagate to our systems and retry.","domain":"usageLimits","reason":"accessNotConfigured","extendedHelp":"https://console.developers.google.com"}],"status":"PERMISSION_DENIED","details":[{"@type":"type.googleapis.com/google.rpc.ErrorInfo","reason":"SERVICE_DISABLED","domain":"googleapis.com","metadata":{"service":"compute.googleapis.com","consumer":"projects/319991114245","serviceTitle":"Compute Engine API","containerInfo":"319991114245","activationUrl":"https://console.developers.google.com/apis/api/compute.googleapis.com/overview?project=319991114245"}},{"@type":"type.googleapis.com/google.rpc.LocalizedMessage","locale":"en-US","message":"Compute Engine API has not been used in project 319991114245 before or it is disabled. Enable it by visiting https://console.developers.google.com/apis/api/compute.googleapis.com/overview?project=319991114245 then retry. If you enabled this API recently, wait a few minutes for the action to propagate to our systems and retry."},{"@type":"type.googleapis.com/google.rpc.Help","links":[{"description":"Google developers console API activation","url":"https://console.developers.google.com/apis/api/compute.googleapis.com/overview?project=319991114245"}]}]}},"response":{"statusCode":403}},"exit":1,"message":"Request to https://compute.googleapis.com/compute/v1/projects/319991114245 had HTTP Error: 403, Compute Engine API has not been used in project 319991114245 before or it is disabled. Enable it by visiting https://console.developers.google.com/apis/api/compute.googleapis.com/overview?project=319991114245 then retry. If you enabled this API recently, wait a few minutes for the action to propagate to our systems and retry.","status":403}
[debug] [2025-10-14T04:30:55.959Z] Checked if tokens are valid: true, expires at: 1760418186149
[debug] [2025-10-14T04:30:55.959Z] Checked if tokens are valid: true, expires at: 1760418186149
[debug] [2025-10-14T04:30:55.959Z] >>> [apiv2][query] GET https://cloudbilling.googleapis.com/v1/projects/jadwal-peserta-app/billingInfo [none]
[debug] [2025-10-14T04:30:57.586Z] <<< [apiv2][status] GET https://cloudbilling.googleapis.com/v1/projects/jadwal-peserta-app/billingInfo 200
[debug] [2025-10-14T04:30:57.586Z] <<< [apiv2][body] GET https://cloudbilling.googleapis.com/v1/projects/jadwal-peserta-app/billingInfo {"name":"projects/jadwal-peserta-app/billingInfo","projectId":"jadwal-peserta-app","billingAccountName":"billingAccounts/01D6DE-2F8E2F-CD4FE5","billingEnabled":true}
[debug] [2025-10-14T04:30:57.590Z] Checked if tokens are valid: true, expires at: 1760418186149
[debug] [2025-10-14T04:30:57.590Z] Checked if tokens are valid: true, expires at: 1760418186149
[debug] [2025-10-14T04:30:57.590Z] >>> [apiv2][query] POST https://cloudfunctions.googleapis.com/v2/projects/jadwal-peserta-app/locations/us-central1/functions:generateUploadUrl [none]
[debug] [2025-10-14T04:30:59.032Z] <<< [apiv2][status] POST https://cloudfunctions.googleapis.com/v2/projects/jadwal-peserta-app/locations/us-central1/functions:generateUploadUrl 200
[debug] [2025-10-14T04:30:59.033Z] <<< [apiv2][body] POST https://cloudfunctions.googleapis.com/v2/projects/jadwal-peserta-app/locations/us-central1/functions:generateUploadUrl {"uploadUrl":"https://storage.googleapis.com/gcf-v2-uploads-319991114245.us-central1.cloudfunctions.appspot.com/d82b4160-34e1-4587-b2a1-06eb651c59fe.zip?GoogleAccessId=service-319991114245@gcf-admin-robot.iam.gserviceaccount.com&Expires=1760418058&Signature=bMmBs6q7daweEFietNGWrj35ytZW0XFXfgCIq7ZjGazEoG2EKnO7GdeDeoh0j4eRuTOGLZcFoREg6V8Xe3%2F0ukIhBdRV6npY%2F1%2FI%2FrmayD4SgxdKNGZBZw0PNTdaxDBLuEYGKHEfdz64X1vuyLEm%2Fyy2yMp8gGwgZxz8YZVBkx4WoW%2FcsBR7AOPT1AZhL%2BgC2ZbVVAch5Bcy2oUDCYPFCIZMvXDgPOyzxoSqgvH1AMRQY%2BBfLUd26mXFRSCiaT9u9mJ4YSxd5khYpden4SzyaXbmar64gqiqbGZ69J9GtQBLg0xpP1f0L%2F2UHgLup65sylMbQY1JVXVZGg5F2m5VYg%3D%3D","storageSource":{"bucket":"gcf-v2-uploads-319991114245.us-central1.cloudfunctions.appspot.com","object":"d82b4160-34e1-4587-b2a1-06eb651c59fe.zip"}}
[debug] [2025-10-14T04:30:59.034Z] >>> [apiv2][query] PUT https://storage.googleapis.com/gcf-v2-uploads-319991114245.us-central1.cloudfunctions.appspot.com/d82b4160-34e1-4587-b2a1-06eb651c59fe.zip GoogleAccessId=service-319991114245%40gcf-admin-robot.iam.gserviceaccount.com&Expires=1760418058&Signature=bMmBs6q7daweEFietNGWrj35ytZW0XFXfgCIq7ZjGazEoG2EKnO7GdeDeoh0j4eRuTOGLZcFoREg6V8Xe3%2F0ukIhBdRV6npY%2F1%2FI%2FrmayD4SgxdKNGZBZw0PNTdaxDBLuEYGKHEfdz64X1vuyLEm%2Fyy2yMp8gGwgZxz8YZVBkx4WoW%2FcsBR7AOPT1AZhL%2BgC2ZbVVAch5Bcy2oUDCYPFCIZMvXDgPOyzxoSqgvH1AMRQY%2BBfLUd26mXFRSCiaT9u9mJ4YSxd5khYpden4SzyaXbmar64gqiqbGZ69J9GtQBLg0xpP1f0L%2F2UHgLup65sylMbQY1JVXVZGg5F2m5VYg%3D%3D
[debug] [2025-10-14T04:30:59.034Z] >>> [apiv2][body] PUT https://storage.googleapis.com/gcf-v2-uploads-319991114245.us-central1.cloudfunctions.appspot.com/d82b4160-34e1-4587-b2a1-06eb651c59fe.zip [stream]
[debug] [2025-10-14T04:31:00.093Z] <<< [apiv2][status] PUT https://storage.googleapis.com/gcf-v2-uploads-319991114245.us-central1.cloudfunctions.appspot.com/d82b4160-34e1-4587-b2a1-06eb651c59fe.zip 200
[debug] [2025-10-14T04:31:00.094Z] <<< [apiv2][body] PUT https://storage.googleapis.com/gcf-v2-uploads-319991114245.us-central1.cloudfunctions.appspot.com/d82b4160-34e1-4587-b2a1-06eb651c59fe.zip [omitted]
[info] +  functions: functions source uploaded successfully 
[info] i  functions: updating Node.js 20 (2nd Gen) function sendDailyScheduleNotifications(us-central1)... 
[debug] [2025-10-14T04:31:00.100Z] Checked if tokens are valid: true, expires at: 1760418186149
[debug] [2025-10-14T04:31:00.100Z] Checked if tokens are valid: true, expires at: 1760418186149
[debug] [2025-10-14T04:31:00.101Z] >>> [apiv2][query] PATCH https://cloudfunctions.googleapis.com/v2/projects/jadwal-peserta-app/locations/us-central1/functions/sendDailyScheduleNotifications updateMask=name%2CbuildConfig.runtime%2CbuildConfig.entryPoint%2CbuildConfig.source.storageSource.bucket%2CbuildConfig.source.storageSource.object%2CbuildConfig.environmentVariables%2CbuildConfig.sourceToken%2CserviceConfig.environmentVariables%2CserviceConfig.ingressSettings%2CserviceConfig.timeoutSeconds%2CserviceConfig.serviceAccountEmail%2CserviceConfig.availableMemory%2CserviceConfig.minInstanceCount%2CserviceConfig.maxInstanceCount%2CserviceConfig.maxInstanceRequestConcurrency%2CserviceConfig.availableCpu%2CserviceConfig.vpcConnector%2CserviceConfig.vpcConnectorEgressSettings%2Clabels
[debug] [2025-10-14T04:31:00.101Z] >>> [apiv2][body] PATCH https://cloudfunctions.googleapis.com/v2/projects/jadwal-peserta-app/locations/us-central1/functions/sendDailyScheduleNotifications {"name":"projects/jadwal-peserta-app/locations/us-central1/functions/sendDailyScheduleNotifications","buildConfig":{"runtime":"nodejs20","entryPoint":"sendDailyScheduleNotifications","source":{"storageSource":{"bucket":"gcf-v2-uploads-319991114245.us-central1.cloudfunctions.appspot.com","object":"d82b4160-34e1-4587-b2a1-06eb651c59fe.zip"}},"environmentVariables":{"GOOGLE_NODE_RUN_SCRIPTS":""}},"serviceConfig":{"environmentVariables":{"FIREBASE_CONFIG":"{\"projectId\":\"jadwal-peserta-app\",\"storageBucket\":\"jadwal-peserta-app.firebasestorage.app\"}","GCLOUD_PROJECT":"jadwal-peserta-app","EVENTARC_CLOUD_EVENT_SOURCE":"projects/jadwal-peserta-app/locations/us-central1/services/sendDailyScheduleNotifications","FUNCTION_TARGET":"sendDailyScheduleNotifications","LOG_EXECUTION_ID":"true"},"ingressSettings":null,"timeoutSeconds":null,"serviceAccountEmail":null,"availableMemory":"256Mi","minInstanceCount":null,"maxInstanceCount":null,"maxInstanceRequestConcurrency":80,"availableCpu":"1","vpcConnector":null,"vpcConnectorEgressSettings":null},"labels":{"deployment-tool":"cli-firebase","deployment-scheduled":"true","firebase-functions-hash":"149d6db776a5201969b87fc8b9fbb6638fe35673"}}
[debug] [2025-10-14T04:31:01.125Z] <<< [apiv2][status] PATCH https://cloudfunctions.googleapis.com/v2/projects/jadwal-peserta-app/locations/us-central1/functions/sendDailyScheduleNotifications 200
[debug] [2025-10-14T04:31:01.125Z] <<< [apiv2][body] PATCH https://cloudfunctions.googleapis.com/v2/projects/jadwal-peserta-app/locations/us-central1/functions/sendDailyScheduleNotifications {"name":"projects/jadwal-peserta-app/locations/us-central1/operations/operation-1760416260483-64116d9dcea53-ae6e21c0-c86accdc","metadata":{"@type":"type.googleapis.com/google.cloud.functions.v2.OperationMetadata","createTime":"2025-10-14T04:31:01.206852053Z","target":"projects/jadwal-peserta-app/locations/us-central1/functions/sendDailyScheduleNotifications","verb":"update","cancelRequested":false,"apiVersion":"v2"},"done":false}
[debug] [2025-10-14T04:31:01.126Z] Checked if tokens are valid: true, expires at: 1760418186149
[debug] [2025-10-14T04:31:01.126Z] Checked if tokens are valid: true, expires at: 1760418186149
[debug] [2025-10-14T04:31:01.126Z] >>> [apiv2][query] GET https://cloudfunctions.googleapis.com/v2/projects/jadwal-peserta-app/locations/us-central1/operations/operation-1760416260483-64116d9dcea53-ae6e21c0-c86accdc [none]
[debug] [2025-10-14T04:31:02.405Z] <<< [apiv2][status] GET https://cloudfunctions.googleapis.com/v2/projects/jadwal-peserta-app/locations/us-central1/operations/operation-1760416260483-64116d9dcea53-ae6e21c0-c86accdc 200
[debug] [2025-10-14T04:31:02.405Z] <<< [apiv2][body] GET https://cloudfunctions.googleapis.com/v2/projects/jadwal-peserta-app/locations/us-central1/operations/operation-1760416260483-64116d9dcea53-ae6e21c0-c86accdc {"name":"projects/jadwal-peserta-app/locations/us-central1/operations/operation-1760416260483-64116d9dcea53-ae6e21c0-c86accdc","metadata":{"@type":"type.googleapis.com/google.cloud.functions.v2.OperationMetadata","createTime":"2025-10-14T04:31:01.206852053Z","target":"projects/jadwal-peserta-app/locations/us-central1/functions/sendDailyScheduleNotifications","verb":"update","cancelRequested":false,"apiVersion":"v2","requestResource":{"@type":"type.googleapis.com/google.cloud.functions.v2.Function","name":"projects/jadwal-peserta-app/locations/us-central1/functions/sendDailyScheduleNotifications","buildConfig":{"runtime":"nodejs20","entryPoint":"sendDailyScheduleNotifications","source":{"storageSource":{"bucket":"gcf-v2-sources-319991114245-us-central1","object":"sendDailyScheduleNotifications/function-source.zip","generation":"1760416261154041"}},"environmentVariables":{"GOOGLE_NODE_RUN_SCRIPTS":""},"dockerRepository":"projects/jadwal-peserta-app/locations/us-central1/repositories/gcf-artifacts","serviceAccount":"projects/jadwal-peserta-app/serviceAccounts/319991114245-compute@developer.gserviceaccount.com","automaticUpdatePolicy":{}},"serviceConfig":{"service":"projects/jadwal-peserta-app/locations/us-central1/services/senddailyschedulenotifications","timeoutSeconds":60,"environmentVariables":{"FIREBASE_CONFIG":"{\"projectId\":\"jadwal-peserta-app\",\"storageBucket\":\"jadwal-peserta-app.firebasestorage.app\"}","GCLOUD_PROJECT":"jadwal-peserta-app","EVENTARC_CLOUD_EVENT_SOURCE":"projects/jadwal-peserta-app/locations/us-central1/services/sendDailyScheduleNotifications","FUNCTION_TARGET":"sendDailyScheduleNotifications","LOG_EXECUTION_ID":"true"},"ingressSettings":"ALLOW_ALL","serviceAccountEmail":"319991114245-compute@developer.gserviceaccount.com","availableMemory":"256Mi","allTrafficOnLatestRevision":true,"revision":"senddailyschedulenotifications-00001-hux","maxInstanceRequestConcurrency":80,"availableCpu":"1"},"state":"ACTIVE","labels":{"deployment-tool":"cloudfunctions","deployment-scheduled":"true","firebase-functions-hash":"149d6db776a5201969b87fc8b9fbb6638fe35673"},"environment":"GEN_2","url":"https://us-central1-jadwal-peserta-app.cloudfunctions.net/sendDailyScheduleNotifications","satisfiesPzi":true},"stages":[{"name":"BUILD","message":"Build in progress","state":"IN_PROGRESS","resource":"projects/319991114245/locations/us-central1/builds/29bf2592-3575-4a03-a572-b49e6c535cc7","resourceUri":"https://console.cloud.google.com/cloud-build/builds;region=us-central1/29bf2592-3575-4a03-a572-b49e6c535cc7?project=319991114245"},{"name":"SERVICE","state":"NOT_STARTED"}],"operationType":"UPDATE_FUNCTION","buildName":"projects/319991114245/locations/us-central1/builds/29bf2592-3575-4a03-a572-b49e6c535cc7"},"done":false}
[debug] [2025-10-14T04:31:02.906Z] [update-default-us-central1-sendDailyScheduleNotifications] Retrying task index 0
[debug] [2025-10-14T04:31:02.907Z] Checked if tokens are valid: true, expires at: 1760418186149
[debug] [2025-10-14T04:31:02.907Z] Checked if tokens are valid: true, expires at: 1760418186149
[debug] [2025-10-14T04:31:02.907Z] >>> [apiv2][query] GET https://cloudfunctions.googleapis.com/v2/projects/jadwal-peserta-app/locations/us-central1/operations/operation-1760416260483-64116d9dcea53-ae6e21c0-c86accdc [none]
[debug] [2025-10-14T04:31:04.251Z] <<< [apiv2][status] GET https://cloudfunctions.googleapis.com/v2/projects/jadwal-peserta-app/locations/us-central1/operations/operation-1760416260483-64116d9dcea53-ae6e21c0-c86accdc 200
[debug] [2025-10-14T04:31:04.251Z] <<< [apiv2][body] GET https://cloudfunctions.googleapis.com/v2/projects/jadwal-peserta-app/locations/us-central1/operations/operation-1760416260483-64116d9dcea53-ae6e21c0-c86accdc {"name":"projects/jadwal-peserta-app/locations/us-central1/operations/operation-1760416260483-64116d9dcea53-ae6e21c0-c86accdc","metadata":{"@type":"type.googleapis.com/google.cloud.functions.v2.OperationMetadata","createTime":"2025-10-14T04:31:01.206852053Z","target":"projects/jadwal-peserta-app/locations/us-central1/functions/sendDailyScheduleNotifications","verb":"update","cancelRequested":false,"apiVersion":"v2","requestResource":{"@type":"type.googleapis.com/google.cloud.functions.v2.Function","name":"projects/jadwal-peserta-app/locations/us-central1/functions/sendDailyScheduleNotifications","buildConfig":{"runtime":"nodejs20","entryPoint":"sendDailyScheduleNotifications","source":{"storageSource":{"bucket":"gcf-v2-sources-319991114245-us-central1","object":"sendDailyScheduleNotifications/function-source.zip","generation":"1760416261154041"}},"environmentVariables":{"GOOGLE_NODE_RUN_SCRIPTS":""},"dockerRepository":"projects/jadwal-peserta-app/locations/us-central1/repositories/gcf-artifacts","serviceAccount":"projects/jadwal-peserta-app/serviceAccounts/319991114245-compute@developer.gserviceaccount.com","automaticUpdatePolicy":{}},"serviceConfig":{"service":"projects/jadwal-peserta-app/locations/us-central1/services/senddailyschedulenotifications","timeoutSeconds":60,"environmentVariables":{"FIREBASE_CONFIG":"{\"projectId\":\"jadwal-peserta-app\",\"storageBucket\":\"jadwal-peserta-app.firebasestorage.app\"}","GCLOUD_PROJECT":"jadwal-peserta-app","EVENTARC_CLOUD_EVENT_SOURCE":"projects/jadwal-peserta-app/locations/us-central1/services/sendDailyScheduleNotifications","FUNCTION_TARGET":"sendDailyScheduleNotifications","LOG_EXECUTION_ID":"true"},"ingressSettings":"ALLOW_ALL","serviceAccountEmail":"319991114245-compute@developer.gserviceaccount.com","availableMemory":"256Mi","allTrafficOnLatestRevision":true,"revision":"senddailyschedulenotifications-00001-hux","maxInstanceRequestConcurrency":80,"availableCpu":"1"},"state":"ACTIVE","labels":{"deployment-tool":"cloudfunctions","deployment-scheduled":"true","firebase-functions-hash":"149d6db776a5201969b87fc8b9fbb6638fe35673"},"environment":"GEN_2","url":"https://us-central1-jadwal-peserta-app.cloudfunctions.net/sendDailyScheduleNotifications","satisfiesPzi":true},"stages":[{"name":"BUILD","message":"Build in progress","state":"IN_PROGRESS","resource":"projects/319991114245/locations/us-central1/builds/29bf2592-3575-4a03-a572-b49e6c535cc7","resourceUri":"https://console.cloud.google.com/cloud-build/builds;region=us-central1/29bf2592-3575-4a03-a572-b49e6c535cc7?project=319991114245"},{"name":"SERVICE","state":"NOT_STARTED"}],"operationType":"UPDATE_FUNCTION","buildName":"projects/319991114245/locations/us-central1/builds/29bf2592-3575-4a03-a572-b49e6c535cc7"},"done":false}
[debug] [2025-10-14T04:31:05.260Z] [update-default-us-central1-sendDailyScheduleNotifications] Retrying task index 0
[debug] [2025-10-14T04:31:05.261Z] Checked if tokens are valid: true, expires at: 1760418186149
[debug] [2025-10-14T04:31:05.261Z] Checked if tokens are valid: true, expires at: 1760418186149
[debug] [2025-10-14T04:31:05.261Z] >>> [apiv2][query] GET https://cloudfunctions.googleapis.com/v2/projects/jadwal-peserta-app/locations/us-central1/operations/operation-1760416260483-64116d9dcea53-ae6e21c0-c86accdc [none]
[debug] [2025-10-14T04:31:06.805Z] <<< [apiv2][status] GET https://cloudfunctions.googleapis.com/v2/projects/jadwal-peserta-app/locations/us-central1/operations/operation-1760416260483-64116d9dcea53-ae6e21c0-c86accdc 200
[debug] [2025-10-14T04:31:06.805Z] <<< [apiv2][body] GET https://cloudfunctions.googleapis.com/v2/projects/jadwal-peserta-app/locations/us-central1/operations/operation-1760416260483-64116d9dcea53-ae6e21c0-c86accdc {"name":"projects/jadwal-peserta-app/locations/us-central1/operations/operation-1760416260483-64116d9dcea53-ae6e21c0-c86accdc","metadata":{"@type":"type.googleapis.com/google.cloud.functions.v2.OperationMetadata","createTime":"2025-10-14T04:31:01.206852053Z","target":"projects/jadwal-peserta-app/locations/us-central1/functions/sendDailyScheduleNotifications","verb":"update","cancelRequested":false,"apiVersion":"v2","requestResource":{"@type":"type.googleapis.com/google.cloud.functions.v2.Function","name":"projects/jadwal-peserta-app/locations/us-central1/functions/sendDailyScheduleNotifications","buildConfig":{"runtime":"nodejs20","entryPoint":"sendDailyScheduleNotifications","source":{"storageSource":{"bucket":"gcf-v2-sources-319991114245-us-central1","object":"sendDailyScheduleNotifications/function-source.zip","generation":"1760416261154041"}},"environmentVariables":{"GOOGLE_NODE_RUN_SCRIPTS":""},"dockerRepository":"projects/jadwal-peserta-app/locations/us-central1/repositories/gcf-artifacts","serviceAccount":"projects/jadwal-peserta-app/serviceAccounts/319991114245-compute@developer.gserviceaccount.com","automaticUpdatePolicy":{}},"serviceConfig":{"service":"projects/jadwal-peserta-app/locations/us-central1/services/senddailyschedulenotifications","timeoutSeconds":60,"environmentVariables":{"FIREBASE_CONFIG":"{\"projectId\":\"jadwal-peserta-app\",\"storageBucket\":\"jadwal-peserta-app.firebasestorage.app\"}","GCLOUD_PROJECT":"jadwal-peserta-app","EVENTARC_CLOUD_EVENT_SOURCE":"projects/jadwal-peserta-app/locations/us-central1/services/sendDailyScheduleNotifications","FUNCTION_TARGET":"sendDailyScheduleNotifications","LOG_EXECUTION_ID":"true"},"ingressSettings":"ALLOW_ALL","serviceAccountEmail":"319991114245-compute@developer.gserviceaccount.com","availableMemory":"256Mi","allTrafficOnLatestRevision":true,"revision":"senddailyschedulenotifications-00001-hux","maxInstanceRequestConcurrency":80,"availableCpu":"1"},"state":"ACTIVE","labels":{"deployment-tool":"cloudfunctions","deployment-scheduled":"true","firebase-functions-hash":"149d6db776a5201969b87fc8b9fbb6638fe35673"},"environment":"GEN_2","url":"https://us-central1-jadwal-peserta-app.cloudfunctions.net/sendDailyScheduleNotifications","satisfiesPzi":true},"stages":[{"name":"BUILD","message":"Build in progress","state":"IN_PROGRESS","resource":"projects/319991114245/locations/us-central1/builds/29bf2592-3575-4a03-a572-b49e6c535cc7","resourceUri":"https://console.cloud.google.com/cloud-build/builds;region=us-central1/29bf2592-3575-4a03-a572-b49e6c535cc7?project=319991114245"},{"name":"SERVICE","state":"NOT_STARTED"}],"operationType":"UPDATE_FUNCTION","buildName":"projects/319991114245/locations/us-central1/builds/29bf2592-3575-4a03-a572-b49e6c535cc7"},"done":false}
[debug] [2025-10-14T04:31:08.815Z] [update-default-us-central1-sendDailyScheduleNotifications] Retrying task index 0
[debug] [2025-10-14T04:31:08.815Z] Checked if tokens are valid: true, expires at: 1760418186149
[debug] [2025-10-14T04:31:08.816Z] Checked if tokens are valid: true, expires at: 1760418186149
[debug] [2025-10-14T04:31:08.816Z] >>> [apiv2][query] GET https://cloudfunctions.googleapis.com/v2/projects/jadwal-peserta-app/locations/us-central1/operations/operation-1760416260483-64116d9dcea53-ae6e21c0-c86accdc [none]
[debug] [2025-10-14T04:31:10.091Z] <<< [apiv2][status] GET https://cloudfunctions.googleapis.com/v2/projects/jadwal-peserta-app/locations/us-central1/operations/operation-1760416260483-64116d9dcea53-ae6e21c0-c86accdc 200
[debug] [2025-10-14T04:31:10.091Z] <<< [apiv2][body] GET https://cloudfunctions.googleapis.com/v2/projects/jadwal-peserta-app/locations/us-central1/operations/operation-1760416260483-64116d9dcea53-ae6e21c0-c86accdc {"name":"projects/jadwal-peserta-app/locations/us-central1/operations/operation-1760416260483-64116d9dcea53-ae6e21c0-c86accdc","metadata":{"@type":"type.googleapis.com/google.cloud.functions.v2.OperationMetadata","createTime":"2025-10-14T04:31:01.206852053Z","target":"projects/jadwal-peserta-app/locations/us-central1/functions/sendDailyScheduleNotifications","verb":"update","cancelRequested":false,"apiVersion":"v2","requestResource":{"@type":"type.googleapis.com/google.cloud.functions.v2.Function","name":"projects/jadwal-peserta-app/locations/us-central1/functions/sendDailyScheduleNotifications","buildConfig":{"runtime":"nodejs20","entryPoint":"sendDailyScheduleNotifications","source":{"storageSource":{"bucket":"gcf-v2-sources-319991114245-us-central1","object":"sendDailyScheduleNotifications/function-source.zip","generation":"1760416261154041"}},"environmentVariables":{"GOOGLE_NODE_RUN_SCRIPTS":""},"dockerRepository":"projects/jadwal-peserta-app/locations/us-central1/repositories/gcf-artifacts","serviceAccount":"projects/jadwal-peserta-app/serviceAccounts/319991114245-compute@developer.gserviceaccount.com","automaticUpdatePolicy":{}},"serviceConfig":{"service":"projects/jadwal-peserta-app/locations/us-central1/services/senddailyschedulenotifications","timeoutSeconds":60,"environmentVariables":{"FIREBASE_CONFIG":"{\"projectId\":\"jadwal-peserta-app\",\"storageBucket\":\"jadwal-peserta-app.firebasestorage.app\"}","GCLOUD_PROJECT":"jadwal-peserta-app","EVENTARC_CLOUD_EVENT_SOURCE":"projects/jadwal-peserta-app/locations/us-central1/services/sendDailyScheduleNotifications","FUNCTION_TARGET":"sendDailyScheduleNotifications","LOG_EXECUTION_ID":"true"},"ingressSettings":"ALLOW_ALL","serviceAccountEmail":"319991114245-compute@developer.gserviceaccount.com","availableMemory":"256Mi","allTrafficOnLatestRevision":true,"revision":"senddailyschedulenotifications-00001-hux","maxInstanceRequestConcurrency":80,"availableCpu":"1"},"state":"ACTIVE","labels":{"deployment-tool":"cloudfunctions","deployment-scheduled":"true","firebase-functions-hash":"149d6db776a5201969b87fc8b9fbb6638fe35673"},"environment":"GEN_2","url":"https://us-central1-jadwal-peserta-app.cloudfunctions.net/sendDailyScheduleNotifications","satisfiesPzi":true},"stages":[{"name":"BUILD","message":"Build in progress","state":"IN_PROGRESS","resource":"projects/319991114245/locations/us-central1/builds/29bf2592-3575-4a03-a572-b49e6c535cc7","resourceUri":"https://console.cloud.google.com/cloud-build/builds;region=us-central1/29bf2592-3575-4a03-a572-b49e6c535cc7?project=319991114245"},{"name":"SERVICE","state":"NOT_STARTED"}],"operationType":"UPDATE_FUNCTION","buildName":"projects/319991114245/locations/us-central1/builds/29bf2592-3575-4a03-a572-b49e6c535cc7"},"done":false}
[debug] [2025-10-14T04:31:14.106Z] [update-default-us-central1-sendDailyScheduleNotifications] Retrying task index 0
[debug] [2025-10-14T04:31:14.106Z] Checked if tokens are valid: true, expires at: 1760418186149
[debug] [2025-10-14T04:31:14.106Z] Checked if tokens are valid: true, expires at: 1760418186149
[debug] [2025-10-14T04:31:14.107Z] >>> [apiv2][query] GET https://cloudfunctions.googleapis.com/v2/projects/jadwal-peserta-app/locations/us-central1/operations/operation-1760416260483-64116d9dcea53-ae6e21c0-c86accdc [none]
[debug] [2025-10-14T04:31:15.409Z] <<< [apiv2][status] GET https://cloudfunctions.googleapis.com/v2/projects/jadwal-peserta-app/locations/us-central1/operations/operation-1760416260483-64116d9dcea53-ae6e21c0-c86accdc 200
[debug] [2025-10-14T04:31:15.409Z] <<< [apiv2][body] GET https://cloudfunctions.googleapis.com/v2/projects/jadwal-peserta-app/locations/us-central1/operations/operation-1760416260483-64116d9dcea53-ae6e21c0-c86accdc {"name":"projects/jadwal-peserta-app/locations/us-central1/operations/operation-1760416260483-64116d9dcea53-ae6e21c0-c86accdc","metadata":{"@type":"type.googleapis.com/google.cloud.functions.v2.OperationMetadata","createTime":"2025-10-14T04:31:01.206852053Z","target":"projects/jadwal-peserta-app/locations/us-central1/functions/sendDailyScheduleNotifications","verb":"update","cancelRequested":false,"apiVersion":"v2","requestResource":{"@type":"type.googleapis.com/google.cloud.functions.v2.Function","name":"projects/jadwal-peserta-app/locations/us-central1/functions/sendDailyScheduleNotifications","buildConfig":{"runtime":"nodejs20","entryPoint":"sendDailyScheduleNotifications","source":{"storageSource":{"bucket":"gcf-v2-sources-319991114245-us-central1","object":"sendDailyScheduleNotifications/function-source.zip","generation":"1760416261154041"}},"environmentVariables":{"GOOGLE_NODE_RUN_SCRIPTS":""},"dockerRepository":"projects/jadwal-peserta-app/locations/us-central1/repositories/gcf-artifacts","serviceAccount":"projects/jadwal-peserta-app/serviceAccounts/319991114245-compute@developer.gserviceaccount.com","automaticUpdatePolicy":{}},"serviceConfig":{"service":"projects/jadwal-peserta-app/locations/us-central1/services/senddailyschedulenotifications","timeoutSeconds":60,"environmentVariables":{"FIREBASE_CONFIG":"{\"projectId\":\"jadwal-peserta-app\",\"storageBucket\":\"jadwal-peserta-app.firebasestorage.app\"}","GCLOUD_PROJECT":"jadwal-peserta-app","EVENTARC_CLOUD_EVENT_SOURCE":"projects/jadwal-peserta-app/locations/us-central1/services/sendDailyScheduleNotifications","FUNCTION_TARGET":"sendDailyScheduleNotifications","LOG_EXECUTION_ID":"true"},"ingressSettings":"ALLOW_ALL","serviceAccountEmail":"319991114245-compute@developer.gserviceaccount.com","availableMemory":"256Mi","allTrafficOnLatestRevision":true,"revision":"senddailyschedulenotifications-00001-hux","maxInstanceRequestConcurrency":80,"availableCpu":"1"},"state":"ACTIVE","labels":{"deployment-tool":"cloudfunctions","deployment-scheduled":"true","firebase-functions-hash":"149d6db776a5201969b87fc8b9fbb6638fe35673"},"environment":"GEN_2","url":"https://us-central1-jadwal-peserta-app.cloudfunctions.net/sendDailyScheduleNotifications","satisfiesPzi":true},"stages":[{"name":"BUILD","message":"Build in progress","state":"IN_PROGRESS","resource":"projects/319991114245/locations/us-central1/builds/29bf2592-3575-4a03-a572-b49e6c535cc7","resourceUri":"https://console.cloud.google.com/cloud-build/builds;region=us-central1/29bf2592-3575-4a03-a572-b49e6c535cc7?project=319991114245"},{"name":"SERVICE","state":"NOT_STARTED"}],"operationType":"UPDATE_FUNCTION","buildName":"projects/319991114245/locations/us-central1/builds/29bf2592-3575-4a03-a572-b49e6c535cc7"},"done":false}
[debug] [2025-10-14T04:31:23.421Z] [update-default-us-central1-sendDailyScheduleNotifications] Retrying task index 0
[debug] [2025-10-14T04:31:23.421Z] Checked if tokens are valid: true, expires at: 1760418186149
[debug] [2025-10-14T04:31:23.421Z] Checked if tokens are valid: true, expires at: 1760418186149
[debug] [2025-10-14T04:31:23.422Z] >>> [apiv2][query] GET https://cloudfunctions.googleapis.com/v2/projects/jadwal-peserta-app/locations/us-central1/operations/operation-1760416260483-64116d9dcea53-ae6e21c0-c86accdc [none]
[debug] [2025-10-14T04:31:24.881Z] <<< [apiv2][status] GET https://cloudfunctions.googleapis.com/v2/projects/jadwal-peserta-app/locations/us-central1/operations/operation-1760416260483-64116d9dcea53-ae6e21c0-c86accdc 200
[debug] [2025-10-14T04:31:24.881Z] <<< [apiv2][body] GET https://cloudfunctions.googleapis.com/v2/projects/jadwal-peserta-app/locations/us-central1/operations/operation-1760416260483-64116d9dcea53-ae6e21c0-c86accdc {"name":"projects/jadwal-peserta-app/locations/us-central1/operations/operation-1760416260483-64116d9dcea53-ae6e21c0-c86accdc","metadata":{"@type":"type.googleapis.com/google.cloud.functions.v2.OperationMetadata","createTime":"2025-10-14T04:31:01.206852053Z","target":"projects/jadwal-peserta-app/locations/us-central1/functions/sendDailyScheduleNotifications","verb":"update","cancelRequested":false,"apiVersion":"v2","requestResource":{"@type":"type.googleapis.com/google.cloud.functions.v2.Function","name":"projects/jadwal-peserta-app/locations/us-central1/functions/sendDailyScheduleNotifications","buildConfig":{"runtime":"nodejs20","entryPoint":"sendDailyScheduleNotifications","source":{"storageSource":{"bucket":"gcf-v2-sources-319991114245-us-central1","object":"sendDailyScheduleNotifications/function-source.zip","generation":"1760416261154041"}},"environmentVariables":{"GOOGLE_NODE_RUN_SCRIPTS":""},"dockerRepository":"projects/jadwal-peserta-app/locations/us-central1/repositories/gcf-artifacts","serviceAccount":"projects/jadwal-peserta-app/serviceAccounts/319991114245-compute@developer.gserviceaccount.com","automaticUpdatePolicy":{}},"serviceConfig":{"service":"projects/jadwal-peserta-app/locations/us-central1/services/senddailyschedulenotifications","timeoutSeconds":60,"environmentVariables":{"FIREBASE_CONFIG":"{\"projectId\":\"jadwal-peserta-app\",\"storageBucket\":\"jadwal-peserta-app.firebasestorage.app\"}","GCLOUD_PROJECT":"jadwal-peserta-app","EVENTARC_CLOUD_EVENT_SOURCE":"projects/jadwal-peserta-app/locations/us-central1/services/sendDailyScheduleNotifications","FUNCTION_TARGET":"sendDailyScheduleNotifications","LOG_EXECUTION_ID":"true"},"ingressSettings":"ALLOW_ALL","serviceAccountEmail":"319991114245-compute@developer.gserviceaccount.com","availableMemory":"256Mi","allTrafficOnLatestRevision":true,"revision":"senddailyschedulenotifications-00001-hux","maxInstanceRequestConcurrency":80,"availableCpu":"1"},"state":"ACTIVE","labels":{"deployment-tool":"cloudfunctions","deployment-scheduled":"true","firebase-functions-hash":"149d6db776a5201969b87fc8b9fbb6638fe35673"},"environment":"GEN_2","url":"https://us-central1-jadwal-peserta-app.cloudfunctions.net/sendDailyScheduleNotifications","satisfiesPzi":true},"stages":[{"name":"BUILD","message":"Build in progress","state":"IN_PROGRESS","resource":"projects/319991114245/locations/us-central1/builds/29bf2592-3575-4a03-a572-b49e6c535cc7","resourceUri":"https://console.cloud.google.com/cloud-build/builds;region=us-central1/29bf2592-3575-4a03-a572-b49e6c535cc7?project=319991114245"},{"name":"SERVICE","state":"NOT_STARTED"}],"operationType":"UPDATE_FUNCTION","buildName":"projects/319991114245/locations/us-central1/builds/29bf2592-3575-4a03-a572-b49e6c535cc7"},"done":false}
[debug] [2025-10-14T04:31:34.891Z] [update-default-us-central1-sendDailyScheduleNotifications] Retrying task index 0
[debug] [2025-10-14T04:31:34.892Z] Checked if tokens are valid: true, expires at: 1760418186149
[debug] [2025-10-14T04:31:34.892Z] Checked if tokens are valid: true, expires at: 1760418186149
[debug] [2025-10-14T04:31:34.892Z] >>> [apiv2][query] GET https://cloudfunctions.googleapis.com/v2/projects/jadwal-peserta-app/locations/us-central1/operations/operation-1760416260483-64116d9dcea53-ae6e21c0-c86accdc [none]
[debug] [2025-10-14T04:31:36.246Z] <<< [apiv2][status] GET https://cloudfunctions.googleapis.com/v2/projects/jadwal-peserta-app/locations/us-central1/operations/operation-1760416260483-64116d9dcea53-ae6e21c0-c86accdc 200
[debug] [2025-10-14T04:31:36.246Z] <<< [apiv2][body] GET https://cloudfunctions.googleapis.com/v2/projects/jadwal-peserta-app/locations/us-central1/operations/operation-1760416260483-64116d9dcea53-ae6e21c0-c86accdc {"name":"projects/jadwal-peserta-app/locations/us-central1/operations/operation-1760416260483-64116d9dcea53-ae6e21c0-c86accdc","metadata":{"@type":"type.googleapis.com/google.cloud.functions.v2.OperationMetadata","createTime":"2025-10-14T04:31:01.206852053Z","target":"projects/jadwal-peserta-app/locations/us-central1/functions/sendDailyScheduleNotifications","verb":"update","cancelRequested":false,"apiVersion":"v2","requestResource":{"@type":"type.googleapis.com/google.cloud.functions.v2.Function","name":"projects/jadwal-peserta-app/locations/us-central1/functions/sendDailyScheduleNotifications","buildConfig":{"runtime":"nodejs20","entryPoint":"sendDailyScheduleNotifications","source":{"storageSource":{"bucket":"gcf-v2-sources-319991114245-us-central1","object":"sendDailyScheduleNotifications/function-source.zip","generation":"1760416261154041"}},"environmentVariables":{"GOOGLE_NODE_RUN_SCRIPTS":""},"dockerRepository":"projects/jadwal-peserta-app/locations/us-central1/repositories/gcf-artifacts","serviceAccount":"projects/jadwal-peserta-app/serviceAccounts/319991114245-compute@developer.gserviceaccount.com","automaticUpdatePolicy":{}},"serviceConfig":{"service":"projects/jadwal-peserta-app/locations/us-central1/services/senddailyschedulenotifications","timeoutSeconds":60,"environmentVariables":{"FIREBASE_CONFIG":"{\"projectId\":\"jadwal-peserta-app\",\"storageBucket\":\"jadwal-peserta-app.firebasestorage.app\"}","GCLOUD_PROJECT":"jadwal-peserta-app","EVENTARC_CLOUD_EVENT_SOURCE":"projects/jadwal-peserta-app/locations/us-central1/services/sendDailyScheduleNotifications","FUNCTION_TARGET":"sendDailyScheduleNotifications","LOG_EXECUTION_ID":"true"},"ingressSettings":"ALLOW_ALL","serviceAccountEmail":"319991114245-compute@developer.gserviceaccount.com","availableMemory":"256Mi","allTrafficOnLatestRevision":true,"revision":"senddailyschedulenotifications-00001-hux","maxInstanceRequestConcurrency":80,"availableCpu":"1"},"state":"ACTIVE","labels":{"deployment-tool":"cloudfunctions","deployment-scheduled":"true","firebase-functions-hash":"149d6db776a5201969b87fc8b9fbb6638fe35673"},"environment":"GEN_2","url":"https://us-central1-jadwal-peserta-app.cloudfunctions.net/sendDailyScheduleNotifications","satisfiesPzi":true},"stages":[{"name":"BUILD","message":"Build in progress","state":"IN_PROGRESS","resource":"projects/319991114245/locations/us-central1/builds/29bf2592-3575-4a03-a572-b49e6c535cc7","resourceUri":"https://console.cloud.google.com/cloud-build/builds;region=us-central1/29bf2592-3575-4a03-a572-b49e6c535cc7?project=319991114245"},{"name":"SERVICE","state":"NOT_STARTED"}],"operationType":"UPDATE_FUNCTION","buildName":"projects/319991114245/locations/us-central1/builds/29bf2592-3575-4a03-a572-b49e6c535cc7"},"done":false}
[debug] [2025-10-14T04:31:46.256Z] [update-default-us-central1-sendDailyScheduleNotifications] Retrying task index 0
[debug] [2025-10-14T04:31:46.257Z] Checked if tokens are valid: true, expires at: 1760418186149
[debug] [2025-10-14T04:31:46.257Z] Checked if tokens are valid: true, expires at: 1760418186149
[debug] [2025-10-14T04:31:46.257Z] >>> [apiv2][query] GET https://cloudfunctions.googleapis.com/v2/projects/jadwal-peserta-app/locations/us-central1/operations/operation-1760416260483-64116d9dcea53-ae6e21c0-c86accdc [none]
[debug] [2025-10-14T04:31:47.918Z] <<< [apiv2][status] GET https://cloudfunctions.googleapis.com/v2/projects/jadwal-peserta-app/locations/us-central1/operations/operation-1760416260483-64116d9dcea53-ae6e21c0-c86accdc 200
[debug] [2025-10-14T04:31:47.919Z] <<< [apiv2][body] GET https://cloudfunctions.googleapis.com/v2/projects/jadwal-peserta-app/locations/us-central1/operations/operation-1760416260483-64116d9dcea53-ae6e21c0-c86accdc {"name":"projects/jadwal-peserta-app/locations/us-central1/operations/operation-1760416260483-64116d9dcea53-ae6e21c0-c86accdc","metadata":{"@type":"type.googleapis.com/google.cloud.functions.v2.OperationMetadata","createTime":"2025-10-14T04:31:01.206852053Z","target":"projects/jadwal-peserta-app/locations/us-central1/functions/sendDailyScheduleNotifications","verb":"update","cancelRequested":false,"apiVersion":"v2","requestResource":{"@type":"type.googleapis.com/google.cloud.functions.v2.Function","name":"projects/jadwal-peserta-app/locations/us-central1/functions/sendDailyScheduleNotifications","buildConfig":{"runtime":"nodejs20","entryPoint":"sendDailyScheduleNotifications","source":{"storageSource":{"bucket":"gcf-v2-sources-319991114245-us-central1","object":"sendDailyScheduleNotifications/function-source.zip","generation":"1760416261154041"}},"environmentVariables":{"GOOGLE_NODE_RUN_SCRIPTS":""},"dockerRepository":"projects/jadwal-peserta-app/locations/us-central1/repositories/gcf-artifacts","serviceAccount":"projects/jadwal-peserta-app/serviceAccounts/319991114245-compute@developer.gserviceaccount.com","automaticUpdatePolicy":{}},"serviceConfig":{"service":"projects/jadwal-peserta-app/locations/us-central1/services/senddailyschedulenotifications","timeoutSeconds":60,"environmentVariables":{"FIREBASE_CONFIG":"{\"projectId\":\"jadwal-peserta-app\",\"storageBucket\":\"jadwal-peserta-app.firebasestorage.app\"}","GCLOUD_PROJECT":"jadwal-peserta-app","EVENTARC_CLOUD_EVENT_SOURCE":"projects/jadwal-peserta-app/locations/us-central1/services/sendDailyScheduleNotifications","FUNCTION_TARGET":"sendDailyScheduleNotifications","LOG_EXECUTION_ID":"true"},"ingressSettings":"ALLOW_ALL","serviceAccountEmail":"319991114245-compute@developer.gserviceaccount.com","availableMemory":"256Mi","allTrafficOnLatestRevision":true,"revision":"senddailyschedulenotifications-00001-hux","maxInstanceRequestConcurrency":80,"availableCpu":"1"},"state":"ACTIVE","labels":{"deployment-tool":"cloudfunctions","deployment-scheduled":"true","firebase-functions-hash":"149d6db776a5201969b87fc8b9fbb6638fe35673"},"environment":"GEN_2","url":"https://us-central1-jadwal-peserta-app.cloudfunctions.net/sendDailyScheduleNotifications","satisfiesPzi":true},"stages":[{"name":"BUILD","message":"Build finished","state":"COMPLETE","resource":"projects/319991114245/locations/us-central1/builds/29bf2592-3575-4a03-a572-b49e6c535cc7","resourceUri":"https://console.cloud.google.com/cloud-build/builds;region=us-central1/29bf2592-3575-4a03-a572-b49e6c535cc7?project=319991114245"},{"name":"SERVICE","message":"Updating Cloud Run service","state":"IN_PROGRESS","resource":"projects/jadwal-peserta-app/locations/us-central1/services/senddailyschedulenotifications","resourceUri":"https://console.cloud.google.com/run/detail/us-central1/senddailyschedulenotifications?project=jadwal-peserta-app","stateMessages":[{"severity":"INFO","type":"CloudRunServiceNewRevisionTrafficInfo","message":"A new revision will be deployed serving with 100% traffic."}]}],"sourceToken":"Cldwcm9qZWN0cy8zMTk5OTExMTQyNDUvbG9jYXRpb25zL3VzLWNlbnRyYWwxL2J1aWxkcy8yOWJmMjU5Mi0zNTc1LTRhMDMtYTU3Mi1iNDllNmM1MzVjYzcSiwF1cy1jZW50cmFsMS1kb2NrZXIucGtnLmRldi9qYWR3YWwtcGVzZXJ0YS1hcHAvZ2NmLWFydGlmYWN0cy9qYWR3YWwtLXBlc2VydGEtLWFwcF9fdXMtLWNlbnRyYWwxX19zZW5kX2RhaWx5X3NjaGVkdWxlX25vdGlmaWNhdGlvbnM6dmVyc2lvbl8xGIXU04eoCSJacHJvamVjdHMvamFkd2FsLXBlc2VydGEtYXBwL2xvY2F0aW9ucy91cy1jZW50cmFsMS9mdW5jdGlvbnMvc2VuZERhaWx5U2NoZWR1bGVOb3RpZmljYXRpb25zKgwIsaS3xwYQ4KXfqQEyCG5vZGVqczIwOnYKI2djci5pby9nYWUtcnVudGltZXMvbm9kZWpzMjA6c3RhYmxlEk91cy1jZW50cmFsMS1kb2NrZXIucGtnLmRldi9zZXJ2ZXJsZXNzLXJ1bnRpbWVzL2dvb2dsZS0yMi1mdWxsL3J1bnRpbWVzL25vZGVqczIwQAE=","operationType":"UPDATE_FUNCTION","buildName":"projects/319991114245/locations/us-central1/builds/29bf2592-3575-4a03-a572-b49e6c535cc7"},"done":false}
[debug] [2025-10-14T04:31:47.919Z] Got source token Cldwcm9qZWN0cy8zMTk5OTExMTQyNDUvbG9jYXRpb25zL3VzLWNlbnRyYWwxL2J1aWxkcy8yOWJmMjU5Mi0zNTc1LTRhMDMtYTU3Mi1iNDllNmM1MzVjYzcSiwF1cy1jZW50cmFsMS1kb2NrZXIucGtnLmRldi9qYWR3YWwtcGVzZXJ0YS1hcHAvZ2NmLWFydGlmYWN0cy9qYWR3YWwtLXBlc2VydGEtLWFwcF9fdXMtLWNlbnRyYWwxX19zZW5kX2RhaWx5X3NjaGVkdWxlX25vdGlmaWNhdGlvbnM6dmVyc2lvbl8xGIXU04eoCSJacHJvamVjdHMvamFkd2FsLXBlc2VydGEtYXBwL2xvY2F0aW9ucy91cy1jZW50cmFsMS9mdW5jdGlvbnMvc2VuZERhaWx5U2NoZWR1bGVOb3RpZmljYXRpb25zKgwIsaS3xwYQ4KXfqQEyCG5vZGVqczIwOnYKI2djci5pby9nYWUtcnVudGltZXMvbm9kZWpzMjA6c3RhYmxlEk91cy1jZW50cmFsMS1kb2NrZXIucGtnLmRldi9zZXJ2ZXJsZXNzLXJ1bnRpbWVzL2dvb2dsZS0yMi1mdWxsL3J1bnRpbWVzL25vZGVqczIwQAE= for region us-central1
[debug] [2025-10-14T04:31:57.923Z] [update-default-us-central1-sendDailyScheduleNotifications] Retrying task index 0
[debug] [2025-10-14T04:31:57.924Z] Checked if tokens are valid: true, expires at: 1760418186149
[debug] [2025-10-14T04:31:57.924Z] Checked if tokens are valid: true, expires at: 1760418186149
[debug] [2025-10-14T04:31:57.924Z] >>> [apiv2][query] GET https://cloudfunctions.googleapis.com/v2/projects/jadwal-peserta-app/locations/us-central1/operations/operation-1760416260483-64116d9dcea53-ae6e21c0-c86accdc [none]
[debug] [2025-10-14T04:31:59.336Z] <<< [apiv2][status] GET https://cloudfunctions.googleapis.com/v2/projects/jadwal-peserta-app/locations/us-central1/operations/operation-1760416260483-64116d9dcea53-ae6e21c0-c86accdc 200
[debug] [2025-10-14T04:31:59.336Z] <<< [apiv2][body] GET https://cloudfunctions.googleapis.com/v2/projects/jadwal-peserta-app/locations/us-central1/operations/operation-1760416260483-64116d9dcea53-ae6e21c0-c86accdc {"name":"projects/jadwal-peserta-app/locations/us-central1/operations/operation-1760416260483-64116d9dcea53-ae6e21c0-c86accdc","metadata":{"@type":"type.googleapis.com/google.cloud.functions.v2.OperationMetadata","createTime":"2025-10-14T04:31:01.206852053Z","endTime":"2025-10-14T04:31:54.275882832Z","target":"projects/jadwal-peserta-app/locations/us-central1/functions/sendDailyScheduleNotifications","verb":"update","cancelRequested":false,"apiVersion":"v2","requestResource":{"@type":"type.googleapis.com/google.cloud.functions.v2.Function","name":"projects/jadwal-peserta-app/locations/us-central1/functions/sendDailyScheduleNotifications","buildConfig":{"runtime":"nodejs20","entryPoint":"sendDailyScheduleNotifications","source":{"storageSource":{"bucket":"gcf-v2-sources-319991114245-us-central1","object":"sendDailyScheduleNotifications/function-source.zip","generation":"1760416261154041"}},"environmentVariables":{"GOOGLE_NODE_RUN_SCRIPTS":""},"dockerRepository":"projects/jadwal-peserta-app/locations/us-central1/repositories/gcf-artifacts","serviceAccount":"projects/jadwal-peserta-app/serviceAccounts/319991114245-compute@developer.gserviceaccount.com","automaticUpdatePolicy":{}},"serviceConfig":{"service":"projects/jadwal-peserta-app/locations/us-central1/services/senddailyschedulenotifications","timeoutSeconds":60,"environmentVariables":{"FIREBASE_CONFIG":"{\"projectId\":\"jadwal-peserta-app\",\"storageBucket\":\"jadwal-peserta-app.firebasestorage.app\"}","GCLOUD_PROJECT":"jadwal-peserta-app","EVENTARC_CLOUD_EVENT_SOURCE":"projects/jadwal-peserta-app/locations/us-central1/services/sendDailyScheduleNotifications","FUNCTION_TARGET":"sendDailyScheduleNotifications","LOG_EXECUTION_ID":"true"},"ingressSettings":"ALLOW_ALL","serviceAccountEmail":"319991114245-compute@developer.gserviceaccount.com","availableMemory":"256Mi","allTrafficOnLatestRevision":true,"revision":"senddailyschedulenotifications-00001-hux","maxInstanceRequestConcurrency":80,"availableCpu":"1"},"state":"ACTIVE","labels":{"deployment-tool":"cloudfunctions","deployment-scheduled":"true","firebase-functions-hash":"149d6db776a5201969b87fc8b9fbb6638fe35673"},"environment":"GEN_2","url":"https://us-central1-jadwal-peserta-app.cloudfunctions.net/sendDailyScheduleNotifications","satisfiesPzi":true},"stages":[{"name":"SERVICE","state":"NOT_STARTED"}],"operationType":"UPDATE_FUNCTION"},"done":true,"error":{"code":3,"message":"Could not create or update Cloud Run service senddailyschedulenotifications, Container Healthcheck failed. Revision 'senddailyschedulenotifications-00002-xez' is not ready and cannot serve traffic. The user-provided container failed to start and listen on the port defined provided by the PORT=8080 environment variable within the allocated timeout. This can happen when the container port is misconfigured or if the timeout is too short. The health check timeout can be extended. Logs for this revision might contain more information.\n\nLogs URL: https://console.cloud.google.com/logs/viewer?project=jadwal-peserta-app&resource=cloud_run_revision/service_name/senddailyschedulenotifications/revision_name/senddailyschedulenotifications-00002-xez&advancedFilter=resource.type%3D%22cloud_run_revision%22%0Aresource.labels.service_name%3D%22senddailyschedulenotifications%22%0Aresource.labels.revision_name%3D%22senddailyschedulenotifications-00002-xez%22 \nFor more troubleshooting guidance, see https://cloud.google.com/run/docs/troubleshooting#container-failed-to-start"}}
[debug] [2025-10-14T04:31:59.336Z] Got source token undefined for region us-central1
[error] Could not create or update Cloud Run service senddailyschedulenotifications, Container Healthcheck failed. Revision 'senddailyschedulenotifications-00002-xez' is not ready and cannot serve traffic. The user-provided container failed to start and listen on the port defined provided by the PORT=8080 environment variable within the allocated timeout. This can happen when the container port is misconfigured or if the timeout is too short. The health check timeout can be extended. Logs for this revision might contain more information.

Logs URL: https://console.cloud.google.com/logs/viewer?project=jadwal-peserta-app&resource=cloud_run_revision/service_name/senddailyschedulenotifications/revision_name/senddailyschedulenotifications-00002-xez&advancedFilter=resource.type%3D%22cloud_run_revision%22%0Aresource.labels.service_name%3D%22senddailyschedulenotifications%22%0Aresource.labels.revision_name%3D%22senddailyschedulenotifications-00002-xez%22 
For more troubleshooting guidance, see https://cloud.google.com/run/docs/troubleshooting#container-failed-to-start
[debug] [2025-10-14T04:31:59.349Z] Total Function Deployment time: 59241
[debug] [2025-10-14T04:31:59.349Z] 1 Functions Deployed
[debug] [2025-10-14T04:31:59.350Z] 1 Functions Errored
[debug] [2025-10-14T04:31:59.350Z] 0 Function Deployments Aborted
[debug] [2025-10-14T04:31:59.350Z] Average Function Deployment time: 59240
[info] 
[info] Functions deploy had errors with the following functions:
	sendDailyScheduleNotifications(us-central1)
[debug] [2025-10-14T04:31:59.496Z] Checked if tokens are valid: true, expires at: 1760418186149
[debug] [2025-10-14T04:31:59.496Z] Checked if tokens are valid: true, expires at: 1760418186149
[debug] [2025-10-14T04:31:59.496Z] >>> [apiv2][query] GET https://artifactregistry.googleapis.com/v1/projects/jadwal-peserta-app/locations/us-central1/repositories/gcf-artifacts [none]
[debug] [2025-10-14T04:32:01.280Z] <<< [apiv2][status] GET https://artifactregistry.googleapis.com/v1/projects/jadwal-peserta-app/locations/us-central1/repositories/gcf-artifacts 200
[debug] [2025-10-14T04:32:01.280Z] <<< [apiv2][body] GET https://artifactregistry.googleapis.com/v1/projects/jadwal-peserta-app/locations/us-central1/repositories/gcf-artifacts {"name":"projects/jadwal-peserta-app/locations/us-central1/repositories/gcf-artifacts","format":"DOCKER","description":"This repository is created and used by Cloud Functions for storing function docker images.","labels":{"goog-managed-by":"cloudfunctions"},"createTime":"2025-10-14T04:19:07.879479Z","updateTime":"2025-10-14T04:31:36.518525Z","mode":"STANDARD_REPOSITORY","cleanupPolicies":{"firebase-functions-cleanup":{"id":"firebase-functions-cleanup","action":"DELETE","condition":{"tagState":"ANY","olderThan":"86400s"}}},"sizeBytes":"178997171","vulnerabilityScanningConfig":{"lastEnableTime":"2025-10-14T04:18:59.766168381Z","enablementState":"SCANNING_DISABLED","enablementStateReason":"API containerscanning.googleapis.com is not enabled."},"satisfiesPzi":true,"registryUri":"us-central1-docker.pkg.dev/jadwal-peserta-app/gcf-artifacts"}
[debug] [2025-10-14T04:32:01.281Z] Functions deploy failed.
[debug] [2025-10-14T04:32:01.281Z] {
  "endpoint": {
    "id": "sendDailyScheduleNotifications",
    "project": "jadwal-peserta-app",
    "region": "us-central1",
    "entryPoint": "sendDailyScheduleNotifications",
    "platform": "gcfv2",
    "runtime": "nodejs20",
    "scheduleTrigger": {
      "schedule": "0 10 * * *",
      "timeZone": "Asia/Jakarta",
      "retryConfig": {}
    },
    "labels": {
      "deployment-tool": "cli-firebase"
    },
    "serviceAccount": null,
    "ingressSettings": null,
    "availableMemoryMb": null,
    "timeoutSeconds": null,
    "maxInstances": null,
    "minInstances": null,
    "concurrency": 80,
    "vpc": null,
    "environmentVariables": {
      "FIREBASE_CONFIG": "{\"projectId\":\"jadwal-peserta-app\",\"storageBucket\":\"jadwal-peserta-app.firebasestorage.app\"}",
      "GCLOUD_PROJECT": "jadwal-peserta-app",
      "EVENTARC_CLOUD_EVENT_SOURCE": "projects/jadwal-peserta-app/locations/us-central1/services/sendDailyScheduleNotifications",
      "FUNCTION_TARGET": "sendDailyScheduleNotifications",
      "LOG_EXECUTION_ID": "true"
    },
    "codebase": "default",
    "runServiceId": "senddailyschedulenotifications",
    "cpu": 1,
    "securityLevel": "SECURE_ALWAYS",
    "targetedByOnly": false,
    "hash": "149d6db776a5201969b87fc8b9fbb6638fe35673"
  },
  "op": "update",
  "original": {
    "name": "FirebaseError",
    "children": [],
    "exit": 1,
    "message": "Could not create or update Cloud Run service senddailyschedulenotifications, Container Healthcheck failed. Revision 'senddailyschedulenotifications-00002-xez' is not ready and cannot serve traffic. The user-provided container failed to start and listen on the port defined provided by the PORT=8080 environment variable within the allocated timeout. This can happen when the container port is misconfigured or if the timeout is too short. The health check timeout can be extended. Logs for this revision might contain more information.\n\nLogs URL: https://console.cloud.google.com/logs/viewer?project=jadwal-peserta-app&resource=cloud_run_revision/service_name/senddailyschedulenotifications/revision_name/senddailyschedulenotifications-00002-xez&advancedFilter=resource.type%3D%22cloud_run_revision%22%0Aresource.labels.service_name%3D%22senddailyschedulenotifications%22%0Aresource.labels.revision_name%3D%22senddailyschedulenotifications-00002-xez%22 \nFor more troubleshooting guidance, see https://cloud.google.com/run/docs/troubleshooting#container-failed-to-start",
    "original": {
      "code": 3,
      "message": "Could not create or update Cloud Run service senddailyschedulenotifications, Container Healthcheck failed. Revision 'senddailyschedulenotifications-00002-xez' is not ready and cannot serve traffic. The user-provided container failed to start and listen on the port defined provided by the PORT=8080 environment variable within the allocated timeout. This can happen when the container port is misconfigured or if the timeout is too short. The health check timeout can be extended. Logs for this revision might contain more information.\n\nLogs URL: https://console.cloud.google.com/logs/viewer?project=jadwal-peserta-app&resource=cloud_run_revision/service_name/senddailyschedulenotifications/revision_name/senddailyschedulenotifications-00002-xez&advancedFilter=resource.type%3D%22cloud_run_revision%22%0Aresource.labels.service_name%3D%22senddailyschedulenotifications%22%0Aresource.labels.revision_name%3D%22senddailyschedulenotifications-00002-xez%22 \nFor more troubleshooting guidance, see https://cloud.google.com/run/docs/troubleshooting#container-failed-to-start"
    },
    "status": 3,
    "code": 3
  }
}
[debug] [2025-10-14T04:32:01.331Z] Error: Failed to update function sendDailyScheduleNotifications in region us-central1
    at C:\Users\msyam\AppData\Roaming\npm\node_modules\firebase-tools\lib\deploy\functions\release\fabricator.js:411:19
    at process.processTicksAndRejections (node:internal/process/task_queues:105:5)
    at async Fabricator.updateV2Function (C:\Users\msyam\AppData\Roaming\npm\node_modules\firebase-tools\lib\deploy\functions\release\fabricator.js:400:32)
    at async Fabricator.updateEndpoint (C:\Users\msyam\AppData\Roaming\npm\node_modules\firebase-tools\lib\deploy\functions\release\fabricator.js:160:13)
    at async handle (C:\Users\msyam\AppData\Roaming\npm\node_modules\firebase-tools\lib\deploy\functions\release\fabricator.js:89:17)
[error] 
[error] Error: There was an error deploying functions
